<?xml version="1.0" encoding="UTF-8"?>
<!-- Generated by org.testng.reporters.JUnitXMLReporter -->
<testsuite ignored="1" hostname="Devil" failures="0" tests="2" name="Test" time="24.544" errors="0" timestamp="2024-01-08T12:00:44 IST">
  <testcase classname="bikes.Himalayan" name="him" time="11.429"/>
  <testcase classname="bikes.Ferreari" name="ferre" time="13.067"/>
  <testcase classname="bikes.Bmw" name="Bmw1" time="0.0">
    <ignored/>
  </testcase> <!-- Bmw1 -->
</testsuite> <!-- Test -->
