<?xml version="1.0" encoding="UTF-8"?>
<testng-results ignored="0" total="1" passed="1" failed="0" skipped="0">
  <reporter-output>
    <line>
      <![CDATA[before suite]]>
    </line>
    <line>
      <![CDATA[before test]]>
    </line>
    <line>
      <![CDATA[before calss]]>
    </line>
    <line>
      <![CDATA[before method]]>
    </line>
    <line>
      <![CDATA[completed configuration]]>
    </line>
    <line>
      <![CDATA[after method]]>
    </line>
    <line>
      <![CDATA[after class]]>
    </line>
    <line>
      <![CDATA[after test]]>
    </line>
    <line>
      <![CDATA[after suite]]>
    </line>
  </reporter-output>
  <suite started-at="2024-01-08T12:31:10 IST" name="Default suite" finished-at="2024-01-08T12:31:10 IST" duration-ms="57">
    <groups>
    </groups>
    <test started-at="2024-01-08T12:31:10 IST" name="Default test" finished-at="2024-01-08T12:31:10 IST" duration-ms="57">
      <class name="advanceselenium.Configurationtestng">
        <test-method is-config="true" signature="suit()[pri:0, instance:advanceselenium.Configurationtestng@54d9d12d]" started-at="2024-01-08T12:31:10 IST" name="suit" finished-at="2024-01-08T12:31:10 IST" duration-ms="14" status="PASS">
          <reporter-output>
            <line>
              <![CDATA[before suite]]>
            </line>
          </reporter-output>
        </test-method> <!-- suit -->
        <test-method is-config="true" signature="test()[pri:0, instance:advanceselenium.Configurationtestng@54d9d12d]" started-at="2024-01-08T12:31:10 IST" name="test" finished-at="2024-01-08T12:31:10 IST" duration-ms="1" status="PASS">
          <reporter-output>
            <line>
              <![CDATA[before test]]>
            </line>
          </reporter-output>
        </test-method> <!-- test -->
        <test-method is-config="true" signature="class1()[pri:0, instance:advanceselenium.Configurationtestng@54d9d12d]" started-at="2024-01-08T12:31:10 IST" name="class1" finished-at="2024-01-08T12:31:10 IST" duration-ms="0" status="PASS">
          <reporter-output>
            <line>
              <![CDATA[before calss]]>
            </line>
          </reporter-output>
        </test-method> <!-- class1 -->
        <test-method is-config="true" signature="method1()[pri:0, instance:advanceselenium.Configurationtestng@54d9d12d]" started-at="2024-01-08T12:31:10 IST" name="method1" finished-at="2024-01-08T12:31:10 IST" duration-ms="1" status="PASS">
          <reporter-output>
            <line>
              <![CDATA[before method]]>
            </line>
          </reporter-output>
        </test-method> <!-- method1 -->
        <test-method signature="configua()[pri:0, instance:advanceselenium.Configurationtestng@54d9d12d]" started-at="2024-01-08T12:31:10 IST" name="configua" finished-at="2024-01-08T12:31:10 IST" duration-ms="12" status="PASS">
          <reporter-output>
            <line>
              <![CDATA[completed configuration]]>
            </line>
          </reporter-output>
        </test-method> <!-- configua -->
        <test-method is-config="true" signature="method2()[pri:0, instance:advanceselenium.Configurationtestng@54d9d12d]" started-at="2024-01-08T12:31:10 IST" name="method2" finished-at="2024-01-08T12:31:10 IST" duration-ms="1" status="PASS">
          <reporter-output>
            <line>
              <![CDATA[after method]]>
            </line>
          </reporter-output>
        </test-method> <!-- method2 -->
        <test-method is-config="true" signature="suit2()[pri:0, instance:advanceselenium.Configurationtestng@54d9d12d]" started-at="2024-01-08T12:31:10 IST" name="suit2" finished-at="2024-01-08T12:31:10 IST" duration-ms="0" status="PASS">
          <reporter-output>
            <line>
              <![CDATA[after class]]>
            </line>
          </reporter-output>
        </test-method> <!-- suit2 -->
        <test-method is-config="true" signature="test1()[pri:0, instance:advanceselenium.Configurationtestng@54d9d12d]" started-at="2024-01-08T12:31:10 IST" name="test1" finished-at="2024-01-08T12:31:10 IST" duration-ms="1" status="PASS">
          <reporter-output>
            <line>
              <![CDATA[after test]]>
            </line>
          </reporter-output>
        </test-method> <!-- test1 -->
        <test-method is-config="true" signature="suit1()[pri:0, instance:advanceselenium.Configurationtestng@54d9d12d]" started-at="2024-01-08T12:31:11 IST" name="suit1" finished-at="2024-01-08T12:31:11 IST" duration-ms="0" status="PASS">
          <reporter-output>
            <line>
              <![CDATA[after suite]]>
            </line>
          </reporter-output>
        </test-method> <!-- suit1 -->
      </class> <!-- advanceselenium.Configurationtestng -->
    </test> <!-- Default test -->
  </suite> <!-- Default suite -->
</testng-results>
